<?xml version="1.0" encoding="UTF-8"?>
<testExecutions version="1">
  <file path="/home/ritiC/Documents/blinklist/my-blinkist/src/Components/Atom/Icons/Index.test.tsx">
    <testCase name="should render downArrow Icon" duration="105"/>
    <testCase name="should render searchIcon Icon" duration="15"/>
  </file>
  <file path="/home/ritiC/Documents/blinklist/my-blinkist/src/Components/Molecule/IconButtons/Index.test.tsx">
    <testCase name="Icon with button tests Add icon with button" duration="74"/>
  </file>
  <file path="/home/ritiC/Documents/blinklist/my-blinkist/src/Components/Molecule/DropDown/Index.test.tsx">
    <testCase name="DropDown DropDown Explore" duration="68"/>
    <testCase name="DropDown Account dropdown" duration="15"/>
  </file>
  <file path="/home/ritiC/Documents/blinklist/my-blinkist/src/Components/Molecule/Buttons/Index.test.tsx">
    <testCase name="Button Buttons" duration="144"/>
    <testCase name="Button Icon Button" duration="48"/>
  </file>
  <file path="/home/ritiC/Documents/blinklist/my-blinkist/src/Components/Atom/Logo/Index.test.tsx">
    <testCase name="should render logo" duration="25"/>
  </file>
  <file path="/home/ritiC/Documents/blinklist/my-blinkist/src/Components/Atom/Typography/Index.test.tsx">
    <testCase name="should render h3 variant " duration="41"/>
  </file>
  <file path="/home/ritiC/Documents/blinklist/my-blinkist/src/Components/Molecule/Banner/Index.test.tsx">
    <testCase name="Banner Banner display" duration="47"/>
  </file>
</testExecutions>