<?xml version="1.0" encoding="UTF-8"?>
<testExecutions version="1">
  <file path="/home/ritiC/Documents/blinklist/my-blinkist/src/Components/Atom/Icons/Index.test.tsx">
    <testCase name="should render downArrow Icon" duration="91"/>
    <testCase name="should render searchIcon Icon" duration="23"/>
  </file>
  <file path="/home/ritiC/Documents/blinklist/my-blinkist/src/Components/Molecule/IconButtons/Index.test.tsx">
    <testCase name="Icon with button tests Add icon with button" duration="79"/>
  </file>
  <file path="/home/ritiC/Documents/blinklist/my-blinkist/src/Components/Molecule/DropDown/Index.test.tsx">
    <testCase name="DropDown DropDown Explore" duration="78"/>
    <testCase name="DropDown Account dropdown" duration="16"/>
  </file>
  <file path="/home/ritiC/Documents/blinklist/my-blinkist/src/Components/Molecule/Buttons/Index.test.tsx">
    <testCase name="Button Buttons" duration="151"/>
    <testCase name="Button Icon Button" duration="50"/>
  </file>
  <file path="/home/ritiC/Documents/blinklist/my-blinkist/src/Components/Atom/Logo/Index.test.tsx">
    <testCase name="should render logo" duration="53"/>
  </file>
  <file path="/home/ritiC/Documents/blinklist/my-blinkist/src/Components/Atom/Typography/Index.test.tsx">
    <testCase name="should render h3 variant " duration="53"/>
  </file>
  <file path="/home/ritiC/Documents/blinklist/my-blinkist/src/Components/Molecule/Banner/Index.test.tsx">
    <testCase name="Banner Banner display" duration="76"/>
  </file>
</testExecutions>